\BOOKMARK [0][]{chapter.1}{Introduction}{}% 1
\BOOKMARK [0][]{chapter.2}{Bio-inspired Optimization Techniques}{}% 2
\BOOKMARK [1][]{section.2.1}{Single Objective Optimization}{chapter.2}% 3
\BOOKMARK [1][]{section.2.2}{Multi Objective Optimization}{chapter.2}% 4
\BOOKMARK [1][]{section.2.3}{Complexity Considerations}{chapter.2}% 5
\BOOKMARK [1][]{section.2.4}{Optimization, Inspired by Nature}{chapter.2}% 6
\BOOKMARK [2][]{subsection.2.4.1}{Genetic Algorithms}{section.2.4}% 7
\BOOKMARK [2][]{subsection.2.4.2}{Particle Swarm Optimization}{section.2.4}% 8
\BOOKMARK [1][]{section.2.5}{Parallelization using the Island Model}{chapter.2}% 9
\BOOKMARK [0][]{chapter.3}{Hadoop}{}% 10
\BOOKMARK [1][]{section.3.1}{HDFS}{chapter.3}% 11
\BOOKMARK [1][]{section.3.2}{YARN}{chapter.3}% 12
\BOOKMARK [1][]{section.3.3}{Oozie}{chapter.3}% 13
\BOOKMARK [0][]{chapter.4}{Biohadoop Architecture}{}% 14
\BOOKMARK [1][]{section.4.1}{Algorithm}{chapter.4}% 15
\BOOKMARK [1][]{section.4.2}{Task System}{chapter.4}% 16
\BOOKMARK [2][]{subsection.4.2.1}{Task Broker}{section.4.2}% 17
\BOOKMARK [2][]{subsection.4.2.2}{Endpoint}{section.4.2}% 18
\BOOKMARK [2][]{subsection.4.2.3}{Worker}{section.4.2}% 19
\BOOKMARK [1][]{section.4.3}{Communication}{chapter.4}% 20
\BOOKMARK [2][]{subsection.4.3.1}{Protocols}{section.4.3}% 21
\BOOKMARK [2][]{subsection.4.3.2}{Communication Flow}{section.4.3}% 22
\BOOKMARK [1][]{section.4.4}{Extensions}{chapter.4}% 23
\BOOKMARK [2][]{subsection.4.4.1}{Persistence}{section.4.4}% 24
\BOOKMARK [2][]{subsection.4.4.2}{The Island Model}{section.4.4}% 25
\BOOKMARK [1][]{section.4.5}{Configuration}{chapter.4}% 26
\BOOKMARK [1][]{section.4.6}{Biooozie}{chapter.4}% 27
\BOOKMARK [0][]{chapter.5}{Evaluation}{}% 28
\BOOKMARK [1][]{section.5.1}{Cluster Hardware}{chapter.5}% 29
\BOOKMARK [1][]{section.5.2}{Test Problems}{chapter.5}% 30
\BOOKMARK [2][]{subsection.5.2.1}{ZDT-3}{section.5.2}% 31
\BOOKMARK [2][]{subsection.5.2.2}{Tiled Matrix Multiplication}{section.5.2}% 32
\BOOKMARK [2][]{subsection.5.2.3}{Settings}{section.5.2}% 33
\BOOKMARK [1][]{section.5.3}{Biohadoop Benchmarks}{chapter.5}% 34
\BOOKMARK [2][]{subsection.5.3.1}{Definition of Algorithm Execution Time}{section.5.3}% 35
\BOOKMARK [2][]{subsection.5.3.2}{Benchmark results}{section.5.3}% 36
\BOOKMARK [2][]{subsection.5.3.3}{Correctness of ZDT-3 results}{section.5.3}% 37
\BOOKMARK [2][]{subsection.5.3.4}{Correctness of TMM results}{section.5.3}% 38
\BOOKMARK [1][]{section.5.4}{Performance Influencing Factors}{chapter.5}% 39
\BOOKMARK [2][]{subsection.5.4.1}{Influence of YARN}{section.5.4}% 40
\BOOKMARK [2][]{subsection.5.4.2}{CPU utilization}{section.5.4}% 41
\BOOKMARK [2][]{subsection.5.4.3}{Other influences}{section.5.4}% 42
\BOOKMARK [1][]{section.5.5}{Speedup}{chapter.5}% 43
\BOOKMARK [2][]{subsection.5.5.1}{Maximum achievable Speedup}{section.5.5}% 44
\BOOKMARK [2][]{subsection.5.5.2}{Experimental Speedup}{section.5.5}% 45
\BOOKMARK [1][]{section.5.6}{Comparison to Standalone Implementations}{chapter.5}% 46
\BOOKMARK [0][]{chapter.6}{Conclusions}{}% 47
\BOOKMARK [0][]{section*.5}{Appendices}{}% 48
\BOOKMARK [1][]{section.A.1}{How to Run Biohadoop}{section*.5}% 49
\BOOKMARK [2][]{subsection.A.1.1}{Local Environment}{section.A.1}% 50
\BOOKMARK [2][]{subsection.A.1.2}{Hadoop Environment}{section.A.1}% 51
\BOOKMARK [1][]{section.A.2}{Pre-build Hadoop Environment using Docker}{section*.5}% 52
\BOOKMARK [2][]{subsection.A.2.1}{Build the Hadoop Environment}{section.A.2}% 53
\BOOKMARK [2][]{subsection.A.2.2}{Run Hadoop}{section.A.2}% 54
\BOOKMARK [2][]{subsection.A.2.3}{Stopping Hadoop}{section.A.2}% 55
\BOOKMARK [2][]{subsection.A.2.4}{SSH access}{section.A.2}% 56
\BOOKMARK [0][]{appendix*.6}{List of Figures}{}% 57
\BOOKMARK [0][]{appendix*.7}{Bibliography}{}% 58
